<?xml version="1.0" encoding="UTF-8"?>
<!-- Generated by org.testng.reporters.JUnitReportReporter -->
<testsuite hostname="LAPTOP-N7IO4VB7" failures="0" tests="2" name="cucumber.TestNGTestRunner" time="10.006" errors="0" timestamp="2024-06-07T13:57:24 IST" skipped="0">
  <testcase classname="cucumber.TestNGTestRunner" name="runScenario" time="5.243"/>
  <testcase classname="cucumber.TestNGTestRunner" name="runScenario" time="4.763"/>
</testsuite> <!-- cucumber.TestNGTestRunner -->
