<?xml version="1.0" encoding="UTF-8"?>
<!-- Generated by org.testng.reporters.JUnitReportReporter -->
<testsuite hostname="LAPTOP-N7IO4VB7" failures="0" tests="4" name="nikhilautomation.tests.SubmitOrderTest" time="19.314" errors="0" timestamp="2024-06-07T13:35:47 IST" skipped="0">
  <testcase classname="nikhilautomation.tests.SubmitOrderTest" name="submitOrder" time="7.318"/>
  <testcase classname="nikhilautomation.tests.SubmitOrderTest" name="verifyOrderHistory" time="2.340"/>
  <testcase classname="nikhilautomation.tests.SubmitOrderTest" name="verifyOrderHistory" time="2.957"/>
  <testcase classname="nikhilautomation.tests.SubmitOrderTest" name="submitOrder" time="6.699"/>
</testsuite> <!-- nikhilautomation.tests.SubmitOrderTest -->
