<?xml version="1.0" encoding="UTF-8"?>
<!-- Generated by org.testng.reporters.JUnitReportReporter -->
<testsuite hostname="LAPTOP-N7IO4VB7" failures="0" tests="1" name="nikhilautomation.tests.StandAloneTest" time="13.270" errors="0" timestamp="2024-06-04T13:44:41 IST" skipped="0">
  <testcase classname="nikhilautomation.tests.StandAloneTest" name="submitOrder" time="13.270"/>
</testsuite> <!-- nikhilautomation.tests.StandAloneTest -->
